Arguments: 
  /Users/paulshen/.nvm/versions/node/v13.6.0/bin/node /usr/local/Cellar/yarn/1.19.1/libexec/bin/yarn.js install --mutex network:42424 --non-interactive

PATH: 
  /Users/paulshen/Code/millefeuille/packages/millefeuille/node_modules/.bin:/Users/paulshen/Code/millefeuille/packages/node_modules/.bin:/Users/paulshen/Code/millefeuille/node_modules/.bin:/Users/paulshen/Code/node_modules/.bin:/Users/paulshen/node_modules/.bin:/Users/node_modules/.bin:/node_modules/.bin:/Users/paulshen/.nvm/versions/node/v13.6.0/bin:/Users/paulshen/.npm/_npx/16375/bin:/Users/paulshen/Code/millefeuille/node_modules/.bin:/usr/local/opt/gnu-sed/libexec/gnubin:/Users/paulshen/.nvm/versions/node/v13.6.0/bin:/Users/paulshen/bin:/usr/local/bin:/Users/paulshen/.cargo/bin:/usr/local/bin:/usr/bin:/bin:/usr/sbin:/sbin

Yarn version: 
  1.19.1

Node version: 
  13.6.0

Platform: 
  darwin x64

Trace: 
  Error: https://registry.yarnpkg.com/millefeuille-layer: Not found
      at Request.params.callback [as _callback] (/usr/local/Cellar/yarn/1.19.1/libexec/lib/cli.js:66926:18)
      at Request.self.callback (/usr/local/Cellar/yarn/1.19.1/libexec/lib/cli.js:140564:22)
      at Request.emit (events.js:321:20)
      at Request.<anonymous> (/usr/local/Cellar/yarn/1.19.1/libexec/lib/cli.js:141536:10)
      at Request.emit (events.js:321:20)
      at IncomingMessage.<anonymous> (/usr/local/Cellar/yarn/1.19.1/libexec/lib/cli.js:141458:12)
      at Object.onceWrapper (events.js:427:28)
      at IncomingMessage.emit (events.js:333:22)
      at endReadableNT (_stream_readable.js:1220:12)
      at processTicksAndRejections (internal/process/task_queues.js:84:21)

npm manifest: 
  {
  	"name": "millefeuille",
  	"version": "0.0.2",
  	"description": "",
  	"main": "./dist/index.js",
  	"types": "./dist/index.d.ts",
  	"author": "Paul Shen",
  	"license": "ISC",
  	"peerDependencies": {
  		"@types/react": "^16.8.6",
  		"react": "^16.8.0",
  		"react-dom": "^16.8.0"
  	},
  	"peerDependenciesMeta": {
  		"@types/react": {
  			"optional": true
  		}
  	},
  	"dependencies": {
  		"@popperjs/core": "^2.0.6",
  		"millefeuille-layer": "0.0.1"
  	},
  	"devDependencies": {
  		"typescript": "^3.8.2"
  	}
  }

yarn manifest: 
  No manifest

Lockfile: 
  # THIS IS AN AUTOGENERATED FILE. DO NOT EDIT THIS FILE DIRECTLY.
  # yarn lockfile v1
  
  
  "@popperjs/core@^2.0.6":
    version "2.0.6"
    resolved "https://registry.yarnpkg.com/@popperjs/core/-/core-2.0.6.tgz#5a39ac118811ca844155b0ad5190b8c24f35e533"
    integrity sha512-zj7Gw8QC4jmR92eKUvtrZUEpl2ypRbq+qlE4pwf9n2hnUO9BOAcWUs4/Ht+gNIbFt98xtqhLvccdCfD469MzpQ==
  
  typescript@^3.8.2:
    version "3.8.2"
    resolved "https://registry.yarnpkg.com/typescript/-/typescript-3.8.2.tgz#91d6868aaead7da74f493c553aeff76c0c0b1d5a"
    integrity sha512-EgOVgL/4xfVrCMbhYKUQTdF37SQn4Iw73H5BgCrF1Abdun7Kwy/QZsE/ssAy0y4LxBbvua3PIbFsbRczWWnDdQ==
